<?xml version="1.0" encoding="UTF-8"?>
<!-- Generated by org.testng.reporters.JUnitReportReporter -->
<testsuite skipped="0" hostname="LAINPU1502-0127" name="testngtest.NewTest" tests="1" failures="0" timestamp="09 Aug 2018 16:47:03 GMT" time="0.007" errors="0">
  <testcase name="f" time="0.007" classname="testngtest.NewTest"/>
</testsuite> <!-- testngtest.NewTest -->
